-------------------------------------------------------------------------------
Test set: ExpressionTreeFitnessComparatorTest
-------------------------------------------------------------------------------
Tests run: 1, Failures: 1, Errors: 0, Skipped: 0, Time elapsed: 0 sec <<< FAILURE!
ExpressionTreeFitnessComparatorTest.testCompareEquals()  Time elapsed: 0 sec  <<< FAILURE!
java.lang.NullPointerException
	at ExpressionTreeFitnessComparatorTest.testCompareEquals(ExpressionTreeFitnessComparatorTest.java:39)

